<?xml version="1.0" encoding="UTF-8"?>
<testsuite name="com.dicycat.kroy.entities.GooseTest" tests="2" skipped="0" failures="0" errors="0" timestamp="2020-02-16T18:06:24" hostname="Sams-MacBook-Pro" time="0.021">
  <properties/>
  <testcase name="movementTest" classname="com.dicycat.kroy.entities.GooseTest" time="0.002"/>
  <testcase name="hitboxTest" classname="com.dicycat.kroy.entities.GooseTest" time="0.001"/>
  <system-out><![CDATA[]]></system-out>
  <system-err><![CDATA[]]></system-err>
</testsuite>
