<?xml version="1.0" encoding="UTF-8"?>
<testsuite name="com.dicycat.kroy.entities.FireTruckTest" tests="4" skipped="0" failures="0" errors="0" timestamp="2020-02-16T18:06:24" hostname="Sams-MacBook-Pro" time="0.055">
  <properties/>
  <testcase name="Hitbox" classname="com.dicycat.kroy.entities.FireTruckTest" time="0.003"/>
  <testcase name="movementTest" classname="com.dicycat.kroy.entities.FireTruckTest" time="0.002"/>
  <testcase name="testInitialisation" classname="com.dicycat.kroy.entities.FireTruckTest" time="0.002"/>
  <testcase name="testRefill" classname="com.dicycat.kroy.entities.FireTruckTest" time="0.002"/>
  <system-out><![CDATA[]]></system-out>
  <system-err><![CDATA[]]></system-err>
</testsuite>
