<?xml version="1.0" encoding="UTF-8"?>
<testsuite name="com.dicycat.kroy.entities.PipeTest" tests="4" skipped="0" failures="0" errors="0" timestamp="2020-02-16T18:06:25" hostname="Sams-MacBook-Pro" time="0.06">
  <properties/>
  <testcase name="movementTest" classname="com.dicycat.kroy.entities.PipeTest" time="0.01"/>
  <testcase name="testGameEnd" classname="com.dicycat.kroy.entities.PipeTest" time="0.013"/>
  <testcase name="testGetHitboxes" classname="com.dicycat.kroy.entities.PipeTest" time="0.005"/>
  <testcase name="testIsRemove" classname="com.dicycat.kroy.entities.PipeTest" time="0.009"/>
  <system-out><![CDATA[]]></system-out>
  <system-err><![CDATA[]]></system-err>
</testsuite>
