<?xml version="1.0" encoding="UTF-8"?>
<testsuite name="com.dicycat.kroy.entities.FireStationTest" tests="3" skipped="0" failures="0" errors="0" timestamp="2020-02-16T18:06:24" hostname="Sams-MacBook-Pro" time="0.093">
  <properties/>
  <testcase name="update" classname="com.dicycat.kroy.entities.FireStationTest" time="0.051"/>
  <testcase name="die" classname="com.dicycat.kroy.entities.FireStationTest" time="0.001"/>
  <testcase name="location" classname="com.dicycat.kroy.entities.FireStationTest" time="0.004"/>
  <system-out><![CDATA[]]></system-out>
  <system-err><![CDATA[]]></system-err>
</testsuite>
